<?xml version="1.0" encoding="UTF-8"?>
<testng-results ignored="0" total="1" passed="1" failed="0" skipped="0">
  <reporter-output>
  </reporter-output>
  <suite started-at="2022-12-17T20:51:06 IST" name="Default suite" finished-at="2022-12-17T20:51:06 IST" duration-ms="62">
    <groups>
    </groups>
    <test started-at="2022-12-17T20:51:06 IST" name="Default test" finished-at="2022-12-17T20:51:06 IST" duration-ms="62">
      <class name="Javastream_test1">
        <test-method signature="streamCollect()[pri:0, instance:Javastream_test1@60099951]" started-at="2022-12-17T20:51:06 IST" name="streamCollect" finished-at="2022-12-17T20:51:06 IST" duration-ms="11" status="PASS">
          <reporter-output>
          </reporter-output>
        </test-method> <!-- streamCollect -->
      </class> <!-- Javastream_test1 -->
    </test> <!-- Default test -->
  </suite> <!-- Default suite -->
</testng-results>
